# JRE version: Java(TM) SE Runtime Environment (8.0_66-b18) (build 1.8.0_66-b18)
# Java VM: Java HotSpot(TM) 64-Bit Server VM (25.66-b18 mixed mode windows-amd64 compressed oops)
Heap:
 PSYoungGen      total 55296K, used 28320K [0x00000007bc400000, 0x00000007c0000000, 0x00000007c0000000)
  eden space 49152K, 45% used [0x00000007bc400000,0x00000007bd9ad9e0,0x00000007bf400000)
  from space 6144K, 99% used [0x00000007bf400000,0x00000007bf9fa8b0,0x00000007bfa00000)
  to   space 6144K, 0% used [0x00000007bfa00000,0x00000007bfa00000,0x00000007c0000000)
 ParOldGen       total 292352K, used 264557K [0x0000000700000000, 0x0000000711d80000, 0x00000007bc400000)
  object space 292352K, 90% used [0x0000000700000000,0x000000071025b580,0x0000000711d80000)
 Metaspace       used 95375K, capacity 95914K, committed 96640K, reserved 1132544K
  class space    used 14289K, capacity 14407K, committed 14464K, reserved 1048576K
GC Heap History (10 events):
Event: 6329.381 GC heap before
{Heap before GC invocations=1883 (full 278):
 PSYoungGen      total 55808K, used 52756K [0x00000007bc400000, 0x00000007c0000000, 0x00000007c0000000)
  eden space 49664K, 100% used [0x00000007bc400000,0x00000007bf480000,0x00000007bf480000)
  from space 6144K, 50% used [0x00000007bfa00000,0x00000007bfd05110,0x00000007c0000000)
  to   space 5632K, 0% used [0x00000007bf480000,0x00000007bf480000,0x00000007bfa00000)
 ParOldGen       total 292352K, used 257322K [0x0000000700000000, 0x0000000711d80000, 0x00000007bc400000)
  object space 292352K, 88% used [0x0000000700000000,0x000000070fb4aaf0,0x0000000711d80000)
 Metaspace       used 95350K, capacity 95914K, committed 96640K, reserved 1132544K
  class space    used 14289K, capacity 14407K, committed 14464K, reserved 1048576K
Event: 6329.384 GC heap after
Heap after GC invocations=1883 (full 278):
 PSYoungGen      total 55296K, used 1870K [0x00000007bc400000, 0x00000007c0000000, 0x00000007c0000000)
  eden space 49664K, 0% used [0x00000007bc400000,0x00000007bc400000,0x00000007bf480000)
  from space 5632K, 33% used [0x00000007bf480000,0x00000007bf653a28,0x00000007bfa00000)
  to   space 5632K, 0% used [0x00000007bfa80000,0x00000007bfa80000,0x00000007c0000000)
 ParOldGen       total 292352K, used 258653K [0x0000000700000000, 0x0000000711d80000, 0x00000007bc400000)
  object space 292352K, 88% used [0x0000000700000000,0x000000070fc97598,0x0000000711d80000)
 Metaspace       used 95350K, capacity 95914K, committed 96640K, reserved 1132544K
  class space    used 14289K, capacity 14407K, committed 14464K, reserved 1048576K
}
Event: 6331.243 GC heap before
{Heap before GC invocations=1884 (full 278):
 PSYoungGen      total 55296K, used 51534K [0x00000007bc400000, 0x00000007c0000000, 0x00000007c0000000)
  eden space 49664K, 100% used [0x00000007bc400000,0x00000007bf480000,0x00000007bf480000)
  from space 5632K, 33% used [0x00000007bf480000,0x00000007bf653a28,0x00000007bfa00000)
  to   space 5632K, 0% used [0x00000007bfa80000,0x00000007bfa80000,0x00000007c0000000)
 ParOldGen       total 292352K, used 258653K [0x0000000700000000, 0x0000000711d80000, 0x00000007bc400000)
  object space 292352K, 88% used [0x0000000700000000,0x000000070fc97598,0x0000000711d80000)
 Metaspace       used 95352K, capacity 95914K, committed 96640K, reserved 1132544K
  class space    used 14289K, capacity 14407K, committed 14464K, reserved 1048576K
Event: 6331.246 GC heap after
Heap after GC invocations=1884 (full 278):
 PSYoungGen      total 55808K, used 1003K [0x00000007bc400000, 0x00000007c0000000, 0x00000007c0000000)
  eden space 50176K, 0% used [0x00000007bc400000,0x00000007bc400000,0x00000007bf500000)
  from space 5632K, 17% used [0x00000007bfa80000,0x00000007bfb7aef8,0x00000007c0000000)
  to   space 5632K, 0% used [0x00000007bf500000,0x00000007bf500000,0x00000007bfa80000)
 ParOldGen       total 292352K, used 259661K [0x0000000700000000, 0x0000000711d80000, 0x00000007bc400000)
  object space 292352K, 88% used [0x0000000700000000,0x000000070fd93658,0x0000000711d80000)
 Metaspace       used 95352K, capacity 95914K, committed 96640K, reserved 1132544K
  class space    used 14289K, capacity 14407K, committed 14464K, reserved 1048576K
}
Event: 6331.961 GC heap before
{Heap before GC invocations=1885 (full 278):
 PSYoungGen      total 55808K, used 51179K [0x00000007bc400000, 0x00000007c0000000, 0x00000007c0000000)
  eden space 50176K, 100% used [0x00000007bc400000,0x00000007bf500000,0x00000007bf500000)
  from space 5632K, 17% used [0x00000007bfa80000,0x00000007bfb7aef8,0x00000007c0000000)
  to   space 5632K, 0% used [0x00000007bf500000,0x00000007bf500000,0x00000007bfa80000)
 ParOldGen       total 292352K, used 259661K [0x0000000700000000, 0x0000000711d80000, 0x00000007bc400000)
  object space 292352K, 88% used [0x0000000700000000,0x000000070fd93658,0x0000000711d80000)
 Metaspace       used 95357K, capacity 95914K, committed 96640K, reserved 1132544K
  class space    used 14289K, capacity 14407K, committed 14464K, reserved 1048576K
Event: 6331.964 GC heap after
Heap after GC invocations=1885 (full 278):
 PSYoungGen      total 55808K, used 2315K [0x00000007bc400000, 0x00000007c0000000, 0x00000007c0000000)
  eden space 50176K, 0% used [0x00000007bc400000,0x00000007bc400000,0x00000007bf500000)
  from space 5632K, 41% used [0x00000007bf500000,0x00000007bf742ef8,0x00000007bfa80000)
  to   space 5632K, 0% used [0x00000007bfa80000,0x00000007bfa80000,0x00000007c0000000)
 ParOldGen       total 292352K, used 259677K [0x0000000700000000, 0x0000000711d80000, 0x00000007bc400000)
  object space 292352K, 88% used [0x0000000700000000,0x000000070fd97658,0x0000000711d80000)
 Metaspace       used 95357K, capacity 95914K, committed 96640K, reserved 1132544K
  class space    used 14289K, capacity 14407K, committed 14464K, reserved 1048576K
}
Event: 6336.080 GC heap before
{Heap before GC invocations=1886 (full 278):
 PSYoungGen      total 55808K, used 52491K [0x00000007bc400000, 0x00000007c0000000, 0x00000007c0000000)
  eden space 50176K, 100% used [0x00000007bc400000,0x00000007bf500000,0x00000007bf500000)
  from space 5632K, 41% used [0x00000007bf500000,0x00000007bf742ef8,0x00000007bfa80000)
  to   space 5632K, 0% used [0x00000007bfa80000,0x00000007bfa80000,0x00000007c0000000)
 ParOldGen       total 292352K, used 259677K [0x0000000700000000, 0x0000000711d80000, 0x00000007bc400000)
  object space 292352K, 88% used [0x0000000700000000,0x000000070fd97658,0x0000000711d80000)
 Metaspace       used 95361K, capacity 95914K, committed 96640K, reserved 1132544K
  class space    used 14289K, capacity 14407K, committed 14464K, reserved 1048576K
Event: 6336.084 GC heap after
Heap after GC invocations=1886 (full 278):
 PSYoungGen      total 54784K, used 4859K [0x00000007bc400000, 0x00000007c0000000, 0x00000007c0000000)
  eden space 49152K, 0% used [0x00000007bc400000,0x00000007bc400000,0x00000007bf400000)
  from space 5632K, 86% used [0x00000007bfa80000,0x00000007bff3ecf8,0x00000007c0000000)
  to   space 6144K, 0% used [0x00000007bf400000,0x00000007bf400000,0x00000007bfa00000)
 ParOldGen       total 292352K, used 259741K [0x0000000700000000, 0x0000000711d80000, 0x00000007bc400000)
  object space 292352K, 88% used [0x0000000700000000,0x000000070fda7658,0x0000000711d80000)
 Metaspace       used 95361K, capacity 95914K, committed 96640K, reserved 1132544K
  class space    used 14289K, capacity 14407K, committed 14464K, reserved 1048576K
}
Event: 6336.569 GC heap before
{Heap before GC invocations=1887 (full 278):
 PSYoungGen      total 54784K, used 54011K [0x00000007bc400000, 0x00000007c0000000, 0x00000007c0000000)
  eden space 49152K, 100% used [0x00000007bc400000,0x00000007bf400000,0x00000007bf400000)
  from space 5632K, 86% used [0x00000007bfa80000,0x00000007bff3ecf8,0x00000007c0000000)
  to   space 6144K, 0% used [0x00000007bf400000,0x00000007bf400000,0x00000007bfa00000)
 ParOldGen       total 292352K, used 259741K [0x0000000700000000, 0x0000000711d80000, 0x00000007bc400000)
  object space 292352K, 88% used [0x0000000700000000,0x000000070fda7658,0x0000000711d80000)
 Metaspace       used 95373K, capacity 95914K, committed 96640K, reserved 1132544K
  class space    used 14289K, capacity 14407K, committed 14464K, reserved 1048576K
Event: 6336.617 GC heap after
Heap after GC invocations=1887 (full 278):
 PSYoungGen      total 55296K, used 6122K [0x00000007bc400000, 0x00000007c0000000, 0x00000007c0000000)
  eden space 49152K, 0% used [0x00000007bc400000,0x00000007bc400000,0x00000007bf400000)
  from space 6144K, 99% used [0x00000007bf400000,0x00000007bf9fa8b0,0x00000007bfa00000)
  to   space 6144K, 0% used [0x00000007bfa00000,0x00000007bfa00000,0x00000007c0000000)
 ParOldGen       total 292352K, used 264557K [0x0000000700000000, 0x0000000711d80000, 0x00000007bc400000)
  object space 292352K, 90% used [0x0000000700000000,0x000000071025b580,0x0000000711d80000)
 Metaspace       used 95373K, capacity 95914K, committed 96640K, reserved 1132544K
  class space    used 14289K, capacity 14407K, committed 14464K, reserved 1048576K
}

